#! /usr/bin/vvp
:ivl_version "12.0 (stable)";
:ivl_delay_selection "TYPICAL";
:vpi_time_precision - 11;
:vpi_module "/usr/lib/x86_64-linux-gnu/ivl/system.vpi";
:vpi_module "/usr/lib/x86_64-linux-gnu/ivl/vhdl_sys.vpi";
:vpi_module "/usr/lib/x86_64-linux-gnu/ivl/vhdl_textio.vpi";
:vpi_module "/usr/lib/x86_64-linux-gnu/ivl/v2005_math.vpi";
:vpi_module "/usr/lib/x86_64-linux-gnu/ivl/va_math.vpi";
S_0x5603ff663dd0 .scope module, "alu_tb" "alu_tb" 2 3;
 .timescale -9 -11;
v0x5603ff693550_0 .var "error", 0 0;
v0x5603ff693630_0 .var "error_R", 0 0;
v0x5603ff6936f0_0 .var "error_c", 0 0;
v0x5603ff693790_0 .var "error_s", 0 0;
v0x5603ff693850_0 .var "error_z", 0 0;
v0x5603ff693910_0 .var/i "errores", 31 0;
v0x5603ff6939f0_0 .var "t_A", 3 0;
v0x5603ff693b40_0 .var "t_B", 3 0;
v0x5603ff693c00_0 .var "t_Op", 2 0;
v0x5603ff693d50_0 .net "t_R", 3 0, L_0x5603ff69a720;  1 drivers
v0x5603ff693e10_0 .net "t_c", 0 0, L_0x5603ff698420;  1 drivers
v0x5603ff693eb0_0 .var "t_cin", 0 0;
v0x5603ff693f50_0 .net "t_s", 0 0, L_0x5603ff69aab0;  1 drivers
v0x5603ff693ff0_0 .net "t_z", 0 0, L_0x5603ff69a980;  1 drivers
S_0x5603ff669b40 .scope task, "check" "check" 2 54, 2 54 0, S_0x5603ff663dd0;
 .timescale -9 -11;
v0x5603ff656d00_0 .var "expected_R", 4 0;
v0x5603ff685b10_0 .var "expected_c", 0 0;
v0x5603ff685bd0_0 .var "expected_s", 0 0;
v0x5603ff685c70_0 .var "expected_z", 0 0;
TD_alu_tb.check ;
    %vpi_call 2 59 "$write", "tiempo=%0d A=%b B=%b c_in=%b OP=%b R=%b, Z=%b, C=%b, S=%b.", $time, v0x5603ff6939f0_0, v0x5603ff693b40_0, v0x5603ff693eb0_0, v0x5603ff693c00_0, v0x5603ff693d50_0, v0x5603ff693ff0_0, v0x5603ff693e10_0, v0x5603ff693f50_0 {0 0 0};
    %load/vec4 v0x5603ff693c00_0;
    %dup/vec4;
    %pushi/vec4 0, 0, 3;
    %cmp/u;
    %jmp/1 T_0.0, 6;
    %dup/vec4;
    %pushi/vec4 1, 0, 3;
    %cmp/u;
    %jmp/1 T_0.1, 6;
    %dup/vec4;
    %pushi/vec4 2, 0, 3;
    %cmp/u;
    %jmp/1 T_0.2, 6;
    %dup/vec4;
    %pushi/vec4 3, 0, 3;
    %cmp/u;
    %jmp/1 T_0.3, 6;
    %dup/vec4;
    %pushi/vec4 4, 0, 3;
    %cmp/u;
    %jmp/1 T_0.4, 6;
    %dup/vec4;
    %pushi/vec4 5, 0, 3;
    %cmp/u;
    %jmp/1 T_0.5, 6;
    %dup/vec4;
    %pushi/vec4 6, 0, 3;
    %cmp/u;
    %jmp/1 T_0.6, 6;
    %dup/vec4;
    %pushi/vec4 7, 0, 3;
    %cmp/u;
    %jmp/1 T_0.7, 6;
    %vpi_call 2 69 "$display", "ERROR. Valor no esperado para t_Op: %b", v0x5603ff693c00_0 {0 0 0};
    %jmp T_0.9;
T_0.0 ;
    %load/vec4 v0x5603ff6939f0_0;
    %pad/u 5;
    %load/vec4 v0x5603ff693eb0_0;
    %pad/u 5;
    %add;
    %store/vec4 v0x5603ff656d00_0, 0, 5;
    %jmp T_0.9;
T_0.1 ;
    %load/vec4 v0x5603ff6939f0_0;
    %pad/u 5;
    %pushi/vec4 15, 0, 5;
    %xor;
    %addi 1, 0, 5;
    %load/vec4 v0x5603ff693eb0_0;
    %pad/u 5;
    %add;
    %store/vec4 v0x5603ff656d00_0, 0, 5;
    %jmp T_0.9;
T_0.2 ;
    %load/vec4 v0x5603ff6939f0_0;
    %pad/u 5;
    %load/vec4 v0x5603ff693b40_0;
    %pad/u 5;
    %add;
    %load/vec4 v0x5603ff693eb0_0;
    %pad/u 5;
    %add;
    %store/vec4 v0x5603ff656d00_0, 0, 5;
    %jmp T_0.9;
T_0.3 ;
    %load/vec4 v0x5603ff6939f0_0;
    %pad/u 5;
    %addi 1, 0, 5;
    %load/vec4 v0x5603ff693eb0_0;
    %pad/u 5;
    %add;
    %store/vec4 v0x5603ff656d00_0, 0, 5;
    %jmp T_0.9;
T_0.4 ;
    %load/vec4 v0x5603ff6939f0_0;
    %pad/u 5;
    %load/vec4 v0x5603ff693b40_0;
    %pad/u 5;
    %and;
    %store/vec4 v0x5603ff656d00_0, 0, 5;
    %jmp T_0.9;
T_0.5 ;
    %load/vec4 v0x5603ff6939f0_0;
    %pad/u 5;
    %load/vec4 v0x5603ff693b40_0;
    %pad/u 5;
    %or;
    %store/vec4 v0x5603ff656d00_0, 0, 5;
    %jmp T_0.9;
T_0.6 ;
    %load/vec4 v0x5603ff6939f0_0;
    %pad/u 5;
    %load/vec4 v0x5603ff693b40_0;
    %pad/u 5;
    %xor;
    %store/vec4 v0x5603ff656d00_0, 0, 5;
    %jmp T_0.9;
T_0.7 ;
    %load/vec4 v0x5603ff6939f0_0;
    %inv;
    %ix/load 4, 0, 0;
    %flag_set/imm 4, 0;
    %store/vec4 v0x5603ff656d00_0, 4, 4;
    %jmp T_0.9;
T_0.9 ;
    %pop/vec4 1;
    %load/vec4 v0x5603ff693c00_0;
    %parti/s 1, 2, 3;
    %flag_set/vec4 8;
    %jmp/0xz  T_0.10, 8;
    %pushi/vec4 0, 0, 1;
    %store/vec4 v0x5603ff685b10_0, 0, 1;
    %load/vec4 v0x5603ff656d00_0;
    %parti/s 1, 3, 3;
    %store/vec4 v0x5603ff685bd0_0, 0, 1;
    %pushi/vec4 0, 0, 1;
    %store/vec4 v0x5603ff693790_0, 0, 1;
    %pushi/vec4 0, 0, 1;
    %store/vec4 v0x5603ff6936f0_0, 0, 1;
    %jmp T_0.11;
T_0.10 ;
    %load/vec4 v0x5603ff656d00_0;
    %parti/s 1, 4, 4;
    %store/vec4 v0x5603ff685b10_0, 0, 1;
    %load/vec4 v0x5603ff656d00_0;
    %parti/s 1, 3, 3;
    %store/vec4 v0x5603ff685bd0_0, 0, 1;
    %load/vec4 v0x5603ff685bd0_0;
    %load/vec4 v0x5603ff693f50_0;
    %cmp/ne;
    %flag_get/vec4 6;
    %store/vec4 v0x5603ff693790_0, 0, 1;
    %load/vec4 v0x5603ff685b10_0;
    %load/vec4 v0x5603ff693e10_0;
    %cmp/ne;
    %flag_get/vec4 6;
    %store/vec4 v0x5603ff6936f0_0, 0, 1;
T_0.11 ;
    %load/vec4 v0x5603ff656d00_0;
    %parti/s 4, 0, 2;
    %nor/r;
    %store/vec4 v0x5603ff685c70_0, 0, 1;
    %load/vec4 v0x5603ff656d00_0;
    %parti/s 4, 0, 2;
    %load/vec4 v0x5603ff693d50_0;
    %cmp/ne;
    %flag_get/vec4 6;
    %store/vec4 v0x5603ff693630_0, 0, 1;
    %load/vec4 v0x5603ff685c70_0;
    %load/vec4 v0x5603ff693ff0_0;
    %cmp/ne;
    %flag_get/vec4 6;
    %store/vec4 v0x5603ff693850_0, 0, 1;
    %load/vec4 v0x5603ff693630_0;
    %load/vec4 v0x5603ff693850_0;
    %or;
    %load/vec4 v0x5603ff693790_0;
    %or;
    %load/vec4 v0x5603ff6936f0_0;
    %or;
    %store/vec4 v0x5603ff693550_0, 0, 1;
    %load/vec4 v0x5603ff693550_0;
    %flag_set/vec4 8;
    %jmp/0xz  T_0.12, 8;
    %load/vec4 v0x5603ff693910_0;
    %addi 1, 0, 32;
    %store/vec4 v0x5603ff693910_0, 0, 32;
    %vpi_call 2 94 "$display", " ---- ERROR" {0 0 0};
    %load/vec4 v0x5603ff693630_0;
    %flag_set/vec4 8;
    %jmp/0xz  T_0.14, 8;
    %vpi_call 2 96 "$display", "\011Resultado esperado %b, obtenido %b", &PV<v0x5603ff656d00_0, 0, 4>, v0x5603ff693d50_0 {0 0 0};
T_0.14 ;
    %load/vec4 v0x5603ff693850_0;
    %flag_set/vec4 8;
    %jmp/0xz  T_0.16, 8;
    %vpi_call 2 98 "$display", "\011Flag de cero esperado %b, obtenido %b", v0x5603ff685c70_0, v0x5603ff693ff0_0 {0 0 0};
T_0.16 ;
    %load/vec4 v0x5603ff693790_0;
    %flag_set/vec4 8;
    %jmp/0xz  T_0.18, 8;
    %vpi_call 2 100 "$display", "\011Flag de signo esperado %b, obtenido %b", v0x5603ff685bd0_0, v0x5603ff693f50_0 {0 0 0};
T_0.18 ;
    %load/vec4 v0x5603ff6936f0_0;
    %flag_set/vec4 8;
    %jmp/0xz  T_0.20, 8;
    %vpi_call 2 102 "$display", "\011Flag de acarreo esperado %b, obtenido %b", v0x5603ff685b10_0, v0x5603ff693e10_0 {0 0 0};
T_0.20 ;
    %jmp T_0.13;
T_0.12 ;
    %vpi_call 2 105 "$display", " ---- OK" {0 0 0};
T_0.13 ;
    %end;
S_0x5603ff685d30 .scope module, "mat" "alu" 2 16, 3 1 0, S_0x5603ff663dd0;
 .timescale 0 0;
    .port_info 0 /OUTPUT 4 "R";
    .port_info 1 /OUTPUT 1 "zero";
    .port_info 2 /OUTPUT 1 "carry";
    .port_info 3 /OUTPUT 1 "sign";
    .port_info 4 /INPUT 4 "A";
    .port_info 5 /INPUT 4 "B";
    .port_info 6 /INPUT 1 "c_in";
    .port_info 7 /INPUT 3 "Op";
v0x5603ff692890_0 .net "A", 3 0, v0x5603ff6939f0_0;  1 drivers
v0x5603ff692970_0 .net "AMod_", 3 0, L_0x5603ff6961d0;  1 drivers
v0x5603ff692a30_0 .net "B", 3 0, v0x5603ff693b40_0;  1 drivers
v0x5603ff692ad0_0 .net "BMod_", 3 0, L_0x5603ff6964a0;  1 drivers
v0x5603ff692c20_0 .net "Op", 2 0, v0x5603ff693c00_0;  1 drivers
v0x5603ff692ce0_0 .net "R", 3 0, L_0x5603ff69a720;  alias, 1 drivers
L_0x7fd923759408 .functor BUFT 1, C4<0000>, C4<0>, C4<0>, C4<0>;
v0x5603ff692d80_0 .net/2u *"_ivl_4", 3 0, L_0x7fd923759408;  1 drivers
v0x5603ff692e40_0 .net "aux1_", 3 0, L_0x5603ff698aa0;  1 drivers
v0x5603ff692f50_0 .net "aux2_", 3 0, L_0x5603ff69a2d0;  1 drivers
v0x5603ff6930a0_0 .net "c_in", 0 0, v0x5603ff693eb0_0;  1 drivers
v0x5603ff693190_0 .net "carry", 0 0, L_0x5603ff698420;  alias, 1 drivers
v0x5603ff693280_0 .net "sign", 0 0, L_0x5603ff69aab0;  alias, 1 drivers
v0x5603ff693340_0 .net "zero", 0 0, L_0x5603ff69a980;  alias, 1 drivers
L_0x5603ff69a680 .part v0x5603ff693c00_0, 0, 2;
L_0x5603ff69a8e0 .part v0x5603ff693c00_0, 2, 1;
L_0x5603ff69a980 .cmp/eq 4, L_0x5603ff69a720, L_0x7fd923759408;
L_0x5603ff69aab0 .part L_0x5603ff69a720, 3, 1;
S_0x5603ff686050 .scope module, "mux2_41" "mux2_4" 3 7, 4 2 0, S_0x5603ff685d30;
 .timescale -9 -11;
    .port_info 0 /OUTPUT 4 "Out";
    .port_info 1 /INPUT 4 "A";
    .port_info 2 /INPUT 4 "B";
    .port_info 3 /INPUT 1 "s";
v0x5603ff686230_0 .net "A", 3 0, L_0x5603ff698aa0;  alias, 1 drivers
v0x5603ff686330_0 .net "B", 3 0, L_0x5603ff69a2d0;  alias, 1 drivers
v0x5603ff686410_0 .net "Out", 3 0, L_0x5603ff69a720;  alias, 1 drivers
v0x5603ff6864d0_0 .net "s", 0 0, L_0x5603ff69a8e0;  1 drivers
L_0x5603ff69a720 .functor MUXZ 4, L_0x5603ff698aa0, L_0x5603ff69a2d0, L_0x5603ff69a8e0, C4<>;
S_0x5603ff686640 .scope module, "preprocess1" "preprocess" 3 4, 5 1 0, S_0x5603ff685d30;
 .timescale -9 -11;
    .port_info 0 /OUTPUT 4 "AMod";
    .port_info 1 /OUTPUT 4 "BMod";
    .port_info 2 /INPUT 4 "A";
    .port_info 3 /INPUT 4 "B";
    .port_info 4 /INPUT 3 "Op";
L_0x5603ff694f80 .functor NOT 1, L_0x5603ff694ee0, C4<0>, C4<0>, C4<0>;
L_0x5603ff694ff0 .functor AND 1, L_0x5603ff694db0, L_0x5603ff694f80, C4<1>, C4<1>;
L_0x5603ff6951d0 .functor OR 1, L_0x5603ff694ff0, L_0x5603ff695100, C4<0>, C4<0>;
L_0x5603ff6955c0 .functor NOT 1, L_0x5603ff6953d0, C4<0>, C4<0>, C4<0>;
L_0x5603ff6956b0 .functor AND 1, L_0x5603ff695330, L_0x5603ff6955c0, C4<1>, C4<1>;
L_0x5603ff695860 .functor OR 1, L_0x5603ff6956b0, L_0x5603ff6957c0, C4<0>, C4<0>;
L_0x5603ff695af0 .functor NOT 1, L_0x5603ff695a00, C4<0>, C4<0>, C4<0>;
L_0x5603ff695c50 .functor NOT 1, L_0x5603ff695bb0, C4<0>, C4<0>, C4<0>;
L_0x5603ff695d60 .functor AND 1, L_0x5603ff695af0, L_0x5603ff695c50, C4<1>, C4<1>;
L_0x5603ff695f70 .functor AND 1, L_0x5603ff695d60, L_0x5603ff695e70, C4<1>, C4<1>;
v0x5603ff688240_0 .net "A", 3 0, v0x5603ff6939f0_0;  alias, 1 drivers
v0x5603ff688370_0 .net "AMod", 3 0, L_0x5603ff6961d0;  alias, 1 drivers
v0x5603ff688430_0 .net "B", 3 0, v0x5603ff693b40_0;  alias, 1 drivers
v0x5603ff688500_0 .net "BMod", 3 0, L_0x5603ff6964a0;  alias, 1 drivers
v0x5603ff6885d0_0 .net "Op", 2 0, v0x5603ff693c00_0;  alias, 1 drivers
v0x5603ff6886c0_0 .net *"_ivl_11", 0 0, L_0x5603ff695100;  1 drivers
v0x5603ff6887a0_0 .net *"_ivl_15", 0 0, L_0x5603ff695330;  1 drivers
v0x5603ff688880_0 .net *"_ivl_17", 0 0, L_0x5603ff6953d0;  1 drivers
v0x5603ff688960_0 .net *"_ivl_18", 0 0, L_0x5603ff6955c0;  1 drivers
v0x5603ff688ad0_0 .net *"_ivl_20", 0 0, L_0x5603ff6956b0;  1 drivers
v0x5603ff688bb0_0 .net *"_ivl_23", 0 0, L_0x5603ff6957c0;  1 drivers
v0x5603ff688c90_0 .net *"_ivl_27", 0 0, L_0x5603ff695a00;  1 drivers
v0x5603ff688d70_0 .net *"_ivl_28", 0 0, L_0x5603ff695af0;  1 drivers
v0x5603ff688e50_0 .net *"_ivl_3", 0 0, L_0x5603ff694db0;  1 drivers
v0x5603ff688f30_0 .net *"_ivl_31", 0 0, L_0x5603ff695bb0;  1 drivers
v0x5603ff689010_0 .net *"_ivl_32", 0 0, L_0x5603ff695c50;  1 drivers
v0x5603ff6890f0_0 .net *"_ivl_34", 0 0, L_0x5603ff695d60;  1 drivers
v0x5603ff6891d0_0 .net *"_ivl_37", 0 0, L_0x5603ff695e70;  1 drivers
v0x5603ff6892b0_0 .net *"_ivl_5", 0 0, L_0x5603ff694ee0;  1 drivers
v0x5603ff689390_0 .net *"_ivl_6", 0 0, L_0x5603ff694f80;  1 drivers
v0x5603ff689470_0 .net *"_ivl_8", 0 0, L_0x5603ff694ff0;  1 drivers
v0x5603ff689550_0 .net "add1", 0 0, L_0x5603ff694cf0;  1 drivers
v0x5603ff6895f0_0 .net "aux1", 3 0, L_0x5603ff6960e0;  1 drivers
v0x5603ff689690_0 .net "aux2", 3 0, L_0x5603ff696270;  1 drivers
v0x5603ff6897a0_0 .net "cpl", 0 0, L_0x5603ff695f70;  1 drivers
v0x5603ff689840_0 .net "op1_A", 0 0, L_0x5603ff6951d0;  1 drivers
v0x5603ff6898e0_0 .net "op2_B", 0 0, L_0x5603ff695860;  1 drivers
L_0x5603ff694cf0 .part v0x5603ff693c00_0, 0, 1;
L_0x5603ff694db0 .part v0x5603ff693c00_0, 1, 1;
L_0x5603ff694ee0 .part v0x5603ff693c00_0, 0, 1;
L_0x5603ff695100 .part v0x5603ff693c00_0, 2, 1;
L_0x5603ff695330 .part v0x5603ff693c00_0, 1, 1;
L_0x5603ff6953d0 .part v0x5603ff693c00_0, 0, 1;
L_0x5603ff6957c0 .part v0x5603ff693c00_0, 2, 1;
L_0x5603ff695a00 .part v0x5603ff693c00_0, 2, 1;
L_0x5603ff695bb0 .part v0x5603ff693c00_0, 1, 1;
L_0x5603ff695e70 .part v0x5603ff693c00_0, 0, 1;
S_0x5603ff686840 .scope module, "compl1" "compl1" 5 13, 6 1 0, S_0x5603ff686640;
 .timescale -9 -11;
    .port_info 0 /OUTPUT 4 "Out";
    .port_info 1 /INPUT 4 "Inp";
    .port_info 2 /INPUT 1 "cpl";
L_0x5603ff6963a0 .functor NOT 4, L_0x5603ff696270, C4<0000>, C4<0000>, C4<0000>;
v0x5603ff686a90_0 .net "Inp", 3 0, L_0x5603ff696270;  alias, 1 drivers
v0x5603ff686b90_0 .net "Out", 3 0, L_0x5603ff6964a0;  alias, 1 drivers
v0x5603ff686c70_0 .net *"_ivl_0", 3 0, L_0x5603ff6963a0;  1 drivers
v0x5603ff686d60_0 .net "cpl", 0 0, L_0x5603ff695f70;  alias, 1 drivers
L_0x5603ff6964a0 .functor MUXZ 4, L_0x5603ff696270, L_0x5603ff6963a0, L_0x5603ff695f70, C4<>;
S_0x5603ff686ea0 .scope module, "mux1" "mux2_4" 5 10, 4 2 0, S_0x5603ff686640;
 .timescale -9 -11;
    .port_info 0 /OUTPUT 4 "Out";
    .port_info 1 /INPUT 4 "A";
    .port_info 2 /INPUT 4 "B";
    .port_info 3 /INPUT 1 "s";
L_0x7fd923759018 .functor BUFT 1, C4<0000>, C4<0>, C4<0>, C4<0>;
v0x5603ff687120_0 .net "A", 3 0, L_0x7fd923759018;  1 drivers
L_0x7fd923759060 .functor BUFT 1, C4<0001>, C4<0>, C4<0>, C4<0>;
v0x5603ff687200_0 .net "B", 3 0, L_0x7fd923759060;  1 drivers
v0x5603ff6872e0_0 .net "Out", 3 0, L_0x5603ff6960e0;  alias, 1 drivers
v0x5603ff6873d0_0 .net "s", 0 0, L_0x5603ff694cf0;  alias, 1 drivers
L_0x5603ff6960e0 .functor MUXZ 4, L_0x7fd923759018, L_0x7fd923759060, L_0x5603ff694cf0, C4<>;
S_0x5603ff687540 .scope module, "mux2" "mux2_4" 5 11, 4 2 0, S_0x5603ff686640;
 .timescale -9 -11;
    .port_info 0 /OUTPUT 4 "Out";
    .port_info 1 /INPUT 4 "A";
    .port_info 2 /INPUT 4 "B";
    .port_info 3 /INPUT 1 "s";
v0x5603ff6877c0_0 .net "A", 3 0, L_0x5603ff6960e0;  alias, 1 drivers
v0x5603ff6878b0_0 .net "B", 3 0, v0x5603ff6939f0_0;  alias, 1 drivers
v0x5603ff687970_0 .net "Out", 3 0, L_0x5603ff6961d0;  alias, 1 drivers
v0x5603ff687a60_0 .net "s", 0 0, L_0x5603ff6951d0;  alias, 1 drivers
L_0x5603ff6961d0 .functor MUXZ 4, L_0x5603ff6960e0, v0x5603ff6939f0_0, L_0x5603ff6951d0, C4<>;
S_0x5603ff687bd0 .scope module, "mux3" "mux2_4" 5 12, 4 2 0, S_0x5603ff686640;
 .timescale -9 -11;
    .port_info 0 /OUTPUT 4 "Out";
    .port_info 1 /INPUT 4 "A";
    .port_info 2 /INPUT 4 "B";
    .port_info 3 /INPUT 1 "s";
v0x5603ff687e20_0 .net "A", 3 0, v0x5603ff6939f0_0;  alias, 1 drivers
v0x5603ff687f30_0 .net "B", 3 0, v0x5603ff693b40_0;  alias, 1 drivers
v0x5603ff687ff0_0 .net "Out", 3 0, L_0x5603ff696270;  alias, 1 drivers
v0x5603ff6880f0_0 .net "s", 0 0, L_0x5603ff695860;  alias, 1 drivers
L_0x5603ff696270 .functor MUXZ 4, v0x5603ff6939f0_0, v0x5603ff693b40_0, L_0x5603ff695860, C4<>;
S_0x5603ff689a20 .scope module, "sum4_1" "sum4" 3 5, 7 1 0, S_0x5603ff685d30;
 .timescale -9 -11;
    .port_info 0 /OUTPUT 4 "S";
    .port_info 1 /OUTPUT 1 "c_out";
    .port_info 2 /INPUT 4 "A";
    .port_info 3 /INPUT 4 "B";
    .port_info 4 /INPUT 1 "c_in";
v0x5603ff68d400_0 .net "A", 3 0, L_0x5603ff6961d0;  alias, 1 drivers
v0x5603ff68d4e0_0 .net "B", 3 0, L_0x5603ff6964a0;  alias, 1 drivers
v0x5603ff68d5f0_0 .net "S", 3 0, L_0x5603ff698aa0;  alias, 1 drivers
v0x5603ff68d690_0 .net "c1", 0 0, L_0x5603ff696540;  1 drivers
v0x5603ff68d780_0 .net "c2", 0 0, L_0x5603ff696ea0;  1 drivers
v0x5603ff68d8c0_0 .net "c3", 0 0, L_0x5603ff697810;  1 drivers
v0x5603ff68d9b0_0 .net "c_in", 0 0, v0x5603ff693eb0_0;  alias, 1 drivers
v0x5603ff68da50_0 .net "c_out", 0 0, L_0x5603ff698420;  alias, 1 drivers
L_0x5603ff696cc0 .part L_0x5603ff6961d0, 0, 1;
L_0x5603ff696db0 .part L_0x5603ff6964a0, 0, 1;
L_0x5603ff697600 .part L_0x5603ff6961d0, 1, 1;
L_0x5603ff6976f0 .part L_0x5603ff6964a0, 1, 1;
L_0x5603ff697fe0 .part L_0x5603ff6961d0, 2, 1;
L_0x5603ff6981e0 .part L_0x5603ff6964a0, 2, 1;
L_0x5603ff698aa0 .concat8 [ 1 1 1 1], L_0x5603ff6965e0, L_0x5603ff696f40, L_0x5603ff6978b0, L_0x5603ff6984c0;
L_0x5603ff698c80 .part L_0x5603ff6961d0, 3, 1;
L_0x5603ff698dc0 .part L_0x5603ff6964a0, 3, 1;
S_0x5603ff689c30 .scope module, "fa1" "fa" 7 4, 8 1 0, S_0x5603ff689a20;
 .timescale -9 -11;
    .port_info 0 /OUTPUT 1 "c_out";
    .port_info 1 /OUTPUT 1 "sum";
    .port_info 2 /INPUT 1 "a";
    .port_info 3 /INPUT 1 "b";
    .port_info 4 /INPUT 1 "c_in";
L_0x7fd9237590f0 .functor BUFT 1, C4<0>, C4<0>, C4<0>, C4<0>;
v0x5603ff689e40_0 .net *"_ivl_10", 0 0, L_0x7fd9237590f0;  1 drivers
v0x5603ff689f40_0 .net *"_ivl_11", 1 0, L_0x5603ff696810;  1 drivers
v0x5603ff68a020_0 .net *"_ivl_13", 1 0, L_0x5603ff6969c0;  1 drivers
L_0x7fd923759138 .functor BUFT 1, C4<0>, C4<0>, C4<0>, C4<0>;
v0x5603ff68a110_0 .net *"_ivl_16", 0 0, L_0x7fd923759138;  1 drivers
v0x5603ff68a1f0_0 .net *"_ivl_17", 1 0, L_0x5603ff696b80;  1 drivers
v0x5603ff68a320_0 .net *"_ivl_3", 1 0, L_0x5603ff696680;  1 drivers
L_0x7fd9237590a8 .functor BUFT 1, C4<0>, C4<0>, C4<0>, C4<0>;
v0x5603ff68a400_0 .net *"_ivl_6", 0 0, L_0x7fd9237590a8;  1 drivers
v0x5603ff68a4e0_0 .net *"_ivl_7", 1 0, L_0x5603ff696720;  1 drivers
v0x5603ff68a5c0_0 .net "a", 0 0, L_0x5603ff696cc0;  1 drivers
v0x5603ff68a680_0 .net "b", 0 0, L_0x5603ff696db0;  1 drivers
v0x5603ff68a740_0 .net "c_in", 0 0, v0x5603ff693eb0_0;  alias, 1 drivers
v0x5603ff68a800_0 .net "c_out", 0 0, L_0x5603ff696540;  alias, 1 drivers
v0x5603ff68a8c0_0 .net "sum", 0 0, L_0x5603ff6965e0;  1 drivers
L_0x5603ff696540 .part L_0x5603ff696b80, 1, 1;
L_0x5603ff6965e0 .part L_0x5603ff696b80, 0, 1;
L_0x5603ff696680 .concat [ 1 1 0 0], L_0x5603ff696cc0, L_0x7fd9237590a8;
L_0x5603ff696720 .concat [ 1 1 0 0], L_0x5603ff696db0, L_0x7fd9237590f0;
L_0x5603ff696810 .arith/sum 2, L_0x5603ff696680, L_0x5603ff696720;
L_0x5603ff6969c0 .concat [ 1 1 0 0], v0x5603ff693eb0_0, L_0x7fd923759138;
L_0x5603ff696b80 .arith/sum 2, L_0x5603ff696810, L_0x5603ff6969c0;
S_0x5603ff68aa20 .scope module, "fa2" "fa" 7 5, 8 1 0, S_0x5603ff689a20;
 .timescale -9 -11;
    .port_info 0 /OUTPUT 1 "c_out";
    .port_info 1 /OUTPUT 1 "sum";
    .port_info 2 /INPUT 1 "a";
    .port_info 3 /INPUT 1 "b";
    .port_info 4 /INPUT 1 "c_in";
L_0x7fd9237591c8 .functor BUFT 1, C4<0>, C4<0>, C4<0>, C4<0>;
v0x5603ff68abd0_0 .net *"_ivl_10", 0 0, L_0x7fd9237591c8;  1 drivers
v0x5603ff68acb0_0 .net *"_ivl_11", 1 0, L_0x5603ff697210;  1 drivers
v0x5603ff68ad90_0 .net *"_ivl_13", 1 0, L_0x5603ff697350;  1 drivers
L_0x7fd923759210 .functor BUFT 1, C4<0>, C4<0>, C4<0>, C4<0>;
v0x5603ff68ae80_0 .net *"_ivl_16", 0 0, L_0x7fd923759210;  1 drivers
v0x5603ff68af60_0 .net *"_ivl_17", 1 0, L_0x5603ff6974c0;  1 drivers
v0x5603ff68b090_0 .net *"_ivl_3", 1 0, L_0x5603ff697030;  1 drivers
L_0x7fd923759180 .functor BUFT 1, C4<0>, C4<0>, C4<0>, C4<0>;
v0x5603ff68b170_0 .net *"_ivl_6", 0 0, L_0x7fd923759180;  1 drivers
v0x5603ff68b250_0 .net *"_ivl_7", 1 0, L_0x5603ff697120;  1 drivers
v0x5603ff68b330_0 .net "a", 0 0, L_0x5603ff697600;  1 drivers
v0x5603ff68b480_0 .net "b", 0 0, L_0x5603ff6976f0;  1 drivers
v0x5603ff68b540_0 .net "c_in", 0 0, L_0x5603ff696540;  alias, 1 drivers
v0x5603ff68b5e0_0 .net "c_out", 0 0, L_0x5603ff696ea0;  alias, 1 drivers
v0x5603ff68b680_0 .net "sum", 0 0, L_0x5603ff696f40;  1 drivers
L_0x5603ff696ea0 .part L_0x5603ff6974c0, 1, 1;
L_0x5603ff696f40 .part L_0x5603ff6974c0, 0, 1;
L_0x5603ff697030 .concat [ 1 1 0 0], L_0x5603ff697600, L_0x7fd923759180;
L_0x5603ff697120 .concat [ 1 1 0 0], L_0x5603ff6976f0, L_0x7fd9237591c8;
L_0x5603ff697210 .arith/sum 2, L_0x5603ff697030, L_0x5603ff697120;
L_0x5603ff697350 .concat [ 1 1 0 0], L_0x5603ff696540, L_0x7fd923759210;
L_0x5603ff6974c0 .arith/sum 2, L_0x5603ff697210, L_0x5603ff697350;
S_0x5603ff68b810 .scope module, "fa3" "fa" 7 6, 8 1 0, S_0x5603ff689a20;
 .timescale -9 -11;
    .port_info 0 /OUTPUT 1 "c_out";
    .port_info 1 /OUTPUT 1 "sum";
    .port_info 2 /INPUT 1 "a";
    .port_info 3 /INPUT 1 "b";
    .port_info 4 /INPUT 1 "c_in";
L_0x7fd9237592a0 .functor BUFT 1, C4<0>, C4<0>, C4<0>, C4<0>;
v0x5603ff68b9d0_0 .net *"_ivl_10", 0 0, L_0x7fd9237592a0;  1 drivers
v0x5603ff68bab0_0 .net *"_ivl_11", 1 0, L_0x5603ff697bf0;  1 drivers
v0x5603ff68bb90_0 .net *"_ivl_13", 1 0, L_0x5603ff697d30;  1 drivers
L_0x7fd9237592e8 .functor BUFT 1, C4<0>, C4<0>, C4<0>, C4<0>;
v0x5603ff68bc80_0 .net *"_ivl_16", 0 0, L_0x7fd9237592e8;  1 drivers
v0x5603ff68bd60_0 .net *"_ivl_17", 1 0, L_0x5603ff697ea0;  1 drivers
v0x5603ff68be90_0 .net *"_ivl_3", 1 0, L_0x5603ff6979a0;  1 drivers
L_0x7fd923759258 .functor BUFT 1, C4<0>, C4<0>, C4<0>, C4<0>;
v0x5603ff68bf70_0 .net *"_ivl_6", 0 0, L_0x7fd923759258;  1 drivers
v0x5603ff68c050_0 .net *"_ivl_7", 1 0, L_0x5603ff697b20;  1 drivers
v0x5603ff68c130_0 .net "a", 0 0, L_0x5603ff697fe0;  1 drivers
v0x5603ff68c280_0 .net "b", 0 0, L_0x5603ff6981e0;  1 drivers
v0x5603ff68c340_0 .net "c_in", 0 0, L_0x5603ff696ea0;  alias, 1 drivers
v0x5603ff68c3e0_0 .net "c_out", 0 0, L_0x5603ff697810;  alias, 1 drivers
v0x5603ff68c480_0 .net "sum", 0 0, L_0x5603ff6978b0;  1 drivers
L_0x5603ff697810 .part L_0x5603ff697ea0, 1, 1;
L_0x5603ff6978b0 .part L_0x5603ff697ea0, 0, 1;
L_0x5603ff6979a0 .concat [ 1 1 0 0], L_0x5603ff697fe0, L_0x7fd923759258;
L_0x5603ff697b20 .concat [ 1 1 0 0], L_0x5603ff6981e0, L_0x7fd9237592a0;
L_0x5603ff697bf0 .arith/sum 2, L_0x5603ff6979a0, L_0x5603ff697b20;
L_0x5603ff697d30 .concat [ 1 1 0 0], L_0x5603ff696ea0, L_0x7fd9237592e8;
L_0x5603ff697ea0 .arith/sum 2, L_0x5603ff697bf0, L_0x5603ff697d30;
S_0x5603ff68c610 .scope module, "fa4" "fa" 7 7, 8 1 0, S_0x5603ff689a20;
 .timescale -9 -11;
    .port_info 0 /OUTPUT 1 "c_out";
    .port_info 1 /OUTPUT 1 "sum";
    .port_info 2 /INPUT 1 "a";
    .port_info 3 /INPUT 1 "b";
    .port_info 4 /INPUT 1 "c_in";
L_0x7fd923759378 .functor BUFT 1, C4<0>, C4<0>, C4<0>, C4<0>;
v0x5603ff68c7a0_0 .net *"_ivl_10", 0 0, L_0x7fd923759378;  1 drivers
v0x5603ff68c8a0_0 .net *"_ivl_11", 1 0, L_0x5603ff698740;  1 drivers
v0x5603ff68c980_0 .net *"_ivl_13", 1 0, L_0x5603ff698880;  1 drivers
L_0x7fd9237593c0 .functor BUFT 1, C4<0>, C4<0>, C4<0>, C4<0>;
v0x5603ff68ca70_0 .net *"_ivl_16", 0 0, L_0x7fd9237593c0;  1 drivers
v0x5603ff68cb50_0 .net *"_ivl_17", 1 0, L_0x5603ff698960;  1 drivers
v0x5603ff68cc80_0 .net *"_ivl_3", 1 0, L_0x5603ff698560;  1 drivers
L_0x7fd923759330 .functor BUFT 1, C4<0>, C4<0>, C4<0>, C4<0>;
v0x5603ff68cd60_0 .net *"_ivl_6", 0 0, L_0x7fd923759330;  1 drivers
v0x5603ff68ce40_0 .net *"_ivl_7", 1 0, L_0x5603ff698650;  1 drivers
v0x5603ff68cf20_0 .net "a", 0 0, L_0x5603ff698c80;  1 drivers
v0x5603ff68d070_0 .net "b", 0 0, L_0x5603ff698dc0;  1 drivers
v0x5603ff68d130_0 .net "c_in", 0 0, L_0x5603ff697810;  alias, 1 drivers
v0x5603ff68d1d0_0 .net "c_out", 0 0, L_0x5603ff698420;  alias, 1 drivers
v0x5603ff68d270_0 .net "sum", 0 0, L_0x5603ff6984c0;  1 drivers
L_0x5603ff698420 .part L_0x5603ff698960, 1, 1;
L_0x5603ff6984c0 .part L_0x5603ff698960, 0, 1;
L_0x5603ff698560 .concat [ 1 1 0 0], L_0x5603ff698c80, L_0x7fd923759330;
L_0x5603ff698650 .concat [ 1 1 0 0], L_0x5603ff698dc0, L_0x7fd923759378;
L_0x5603ff698740 .arith/sum 2, L_0x5603ff698560, L_0x5603ff698650;
L_0x5603ff698880 .concat [ 1 1 0 0], L_0x5603ff697810, L_0x7fd9237593c0;
L_0x5603ff698960 .arith/sum 2, L_0x5603ff698740, L_0x5603ff698880;
S_0x5603ff68db30 .scope module, "ul4_1" "ul4" 3 6, 9 1 0, S_0x5603ff685d30;
 .timescale -9 -11;
    .port_info 0 /OUTPUT 4 "Out";
    .port_info 1 /INPUT 4 "A";
    .port_info 2 /INPUT 4 "B";
    .port_info 3 /INPUT 2 "S";
v0x5603ff6924f0_0 .net "A", 3 0, L_0x5603ff6961d0;  alias, 1 drivers
v0x5603ff6925b0_0 .net "B", 3 0, L_0x5603ff6964a0;  alias, 1 drivers
v0x5603ff692670_0 .net "Out", 3 0, L_0x5603ff69a2d0;  alias, 1 drivers
v0x5603ff692740_0 .net "S", 1 0, L_0x5603ff69a680;  1 drivers
L_0x5603ff699270 .part L_0x5603ff6961d0, 0, 1;
L_0x5603ff699310 .part L_0x5603ff6964a0, 0, 1;
L_0x5603ff6997d0 .part L_0x5603ff6961d0, 1, 1;
L_0x5603ff699870 .part L_0x5603ff6964a0, 1, 1;
L_0x5603ff699d30 .part L_0x5603ff6961d0, 2, 1;
L_0x5603ff699dd0 .part L_0x5603ff6964a0, 2, 1;
L_0x5603ff69a2d0 .concat8 [ 1 1 1 1], v0x5603ff68e710_0, v0x5603ff68f8c0_0, v0x5603ff690a90_0, v0x5603ff691c90_0;
L_0x5603ff69a460 .part L_0x5603ff6961d0, 3, 1;
L_0x5603ff69a550 .part L_0x5603ff6964a0, 3, 1;
S_0x5603ff68dd80 .scope module, "cl1" "cl" 9 3, 10 2 0, S_0x5603ff68db30;
 .timescale -9 -11;
    .port_info 0 /OUTPUT 1 "out";
    .port_info 1 /INPUT 1 "a";
    .port_info 2 /INPUT 1 "b";
    .port_info 3 /INPUT 2 "S";
L_0x5603ff6968b0 .functor AND 1, L_0x5603ff699270, L_0x5603ff699310, C4<1>, C4<1>;
L_0x5603ff698f00 .functor OR 1, L_0x5603ff699270, L_0x5603ff699310, C4<0>, C4<0>;
L_0x5603ff699060 .functor XOR 1, L_0x5603ff699270, L_0x5603ff699310, C4<0>, C4<0>;
L_0x5603ff699120 .functor NOT 1, L_0x5603ff699270, C4<0>, C4<0>, C4<0>;
v0x5603ff68e890_0 .net "S", 1 0, L_0x5603ff69a680;  alias, 1 drivers
v0x5603ff68e970_0 .net "a", 0 0, L_0x5603ff699270;  1 drivers
v0x5603ff68ea10_0 .net "and_out", 0 0, L_0x5603ff6968b0;  1 drivers
v0x5603ff68eb10_0 .net "b", 0 0, L_0x5603ff699310;  1 drivers
v0x5603ff68ebb0_0 .net "neg_out", 0 0, L_0x5603ff699120;  1 drivers
v0x5603ff68eca0_0 .net "or_out", 0 0, L_0x5603ff698f00;  1 drivers
v0x5603ff68ed70_0 .net "out", 0 0, v0x5603ff68e710_0;  1 drivers
v0x5603ff68ee40_0 .net "xor_out", 0 0, L_0x5603ff699060;  1 drivers
S_0x5603ff68dff0 .scope module, "mux1" "mux4_1" 10 10, 11 1 0, S_0x5603ff68dd80;
 .timescale -9 -11;
    .port_info 0 /OUTPUT 1 "out";
    .port_info 1 /INPUT 1 "a";
    .port_info 2 /INPUT 1 "b";
    .port_info 3 /INPUT 1 "c";
    .port_info 4 /INPUT 1 "d";
    .port_info 5 /INPUT 2 "S";
v0x5603ff68e2e0_0 .net "S", 1 0, L_0x5603ff69a680;  alias, 1 drivers
v0x5603ff68e3e0_0 .net "a", 0 0, L_0x5603ff6968b0;  alias, 1 drivers
v0x5603ff68e4a0_0 .net "b", 0 0, L_0x5603ff698f00;  alias, 1 drivers
v0x5603ff68e540_0 .net "c", 0 0, L_0x5603ff699060;  alias, 1 drivers
v0x5603ff68e600_0 .net "d", 0 0, L_0x5603ff699120;  alias, 1 drivers
v0x5603ff68e710_0 .var "out", 0 0;
E_0x5603ff61c320/0 .event anyedge, v0x5603ff68e2e0_0, v0x5603ff68e600_0, v0x5603ff68e540_0, v0x5603ff68e4a0_0;
E_0x5603ff61c320/1 .event anyedge, v0x5603ff68e3e0_0;
E_0x5603ff61c320 .event/or E_0x5603ff61c320/0, E_0x5603ff61c320/1;
S_0x5603ff68ef40 .scope module, "cl2" "cl" 9 4, 10 2 0, S_0x5603ff68db30;
 .timescale -9 -11;
    .port_info 0 /OUTPUT 1 "out";
    .port_info 1 /INPUT 1 "a";
    .port_info 2 /INPUT 1 "b";
    .port_info 3 /INPUT 2 "S";
L_0x5603ff699440 .functor AND 1, L_0x5603ff6997d0, L_0x5603ff699870, C4<1>, C4<1>;
L_0x5603ff6994b0 .functor OR 1, L_0x5603ff6997d0, L_0x5603ff699870, C4<0>, C4<0>;
L_0x5603ff6995c0 .functor XOR 1, L_0x5603ff6997d0, L_0x5603ff699870, C4<0>, C4<0>;
L_0x5603ff699680 .functor NOT 1, L_0x5603ff6997d0, C4<0>, C4<0>, C4<0>;
v0x5603ff68fa40_0 .net "S", 1 0, L_0x5603ff69a680;  alias, 1 drivers
v0x5603ff68fb20_0 .net "a", 0 0, L_0x5603ff6997d0;  1 drivers
v0x5603ff68fbe0_0 .net "and_out", 0 0, L_0x5603ff699440;  1 drivers
v0x5603ff68fcb0_0 .net "b", 0 0, L_0x5603ff699870;  1 drivers
v0x5603ff68fd50_0 .net "neg_out", 0 0, L_0x5603ff699680;  1 drivers
v0x5603ff68fe40_0 .net "or_out", 0 0, L_0x5603ff6994b0;  1 drivers
v0x5603ff68ff10_0 .net "out", 0 0, v0x5603ff68f8c0_0;  1 drivers
v0x5603ff68ffe0_0 .net "xor_out", 0 0, L_0x5603ff6995c0;  1 drivers
S_0x5603ff68f190 .scope module, "mux1" "mux4_1" 10 10, 11 1 0, S_0x5603ff68ef40;
 .timescale -9 -11;
    .port_info 0 /OUTPUT 1 "out";
    .port_info 1 /INPUT 1 "a";
    .port_info 2 /INPUT 1 "b";
    .port_info 3 /INPUT 1 "c";
    .port_info 4 /INPUT 1 "d";
    .port_info 5 /INPUT 2 "S";
v0x5603ff68f460_0 .net "S", 1 0, L_0x5603ff69a680;  alias, 1 drivers
v0x5603ff68f590_0 .net "a", 0 0, L_0x5603ff699440;  alias, 1 drivers
v0x5603ff68f650_0 .net "b", 0 0, L_0x5603ff6994b0;  alias, 1 drivers
v0x5603ff68f6f0_0 .net "c", 0 0, L_0x5603ff6995c0;  alias, 1 drivers
v0x5603ff68f7b0_0 .net "d", 0 0, L_0x5603ff699680;  alias, 1 drivers
v0x5603ff68f8c0_0 .var "out", 0 0;
E_0x5603ff607290/0 .event anyedge, v0x5603ff68e2e0_0, v0x5603ff68f7b0_0, v0x5603ff68f6f0_0, v0x5603ff68f650_0;
E_0x5603ff607290/1 .event anyedge, v0x5603ff68f590_0;
E_0x5603ff607290 .event/or E_0x5603ff607290/0, E_0x5603ff607290/1;
S_0x5603ff6900e0 .scope module, "cl3" "cl" 9 5, 10 2 0, S_0x5603ff68db30;
 .timescale -9 -11;
    .port_info 0 /OUTPUT 1 "out";
    .port_info 1 /INPUT 1 "a";
    .port_info 2 /INPUT 1 "b";
    .port_info 3 /INPUT 2 "S";
L_0x5603ff6999a0 .functor AND 1, L_0x5603ff699d30, L_0x5603ff699dd0, C4<1>, C4<1>;
L_0x5603ff699a10 .functor OR 1, L_0x5603ff699d30, L_0x5603ff699dd0, C4<0>, C4<0>;
L_0x5603ff699b20 .functor XOR 1, L_0x5603ff699d30, L_0x5603ff699dd0, C4<0>, C4<0>;
L_0x5603ff699be0 .functor NOT 1, L_0x5603ff699d30, C4<0>, C4<0>, C4<0>;
v0x5603ff690c50_0 .net "S", 1 0, L_0x5603ff69a680;  alias, 1 drivers
v0x5603ff690d30_0 .net "a", 0 0, L_0x5603ff699d30;  1 drivers
v0x5603ff690df0_0 .net "and_out", 0 0, L_0x5603ff6999a0;  1 drivers
v0x5603ff690ec0_0 .net "b", 0 0, L_0x5603ff699dd0;  1 drivers
v0x5603ff690f60_0 .net "neg_out", 0 0, L_0x5603ff699be0;  1 drivers
v0x5603ff691050_0 .net "or_out", 0 0, L_0x5603ff699a10;  1 drivers
v0x5603ff691120_0 .net "out", 0 0, v0x5603ff690a90_0;  1 drivers
v0x5603ff6911f0_0 .net "xor_out", 0 0, L_0x5603ff699b20;  1 drivers
S_0x5603ff690360 .scope module, "mux1" "mux4_1" 10 10, 11 1 0, S_0x5603ff6900e0;
 .timescale -9 -11;
    .port_info 0 /OUTPUT 1 "out";
    .port_info 1 /INPUT 1 "a";
    .port_info 2 /INPUT 1 "b";
    .port_info 3 /INPUT 1 "c";
    .port_info 4 /INPUT 1 "d";
    .port_info 5 /INPUT 2 "S";
v0x5603ff690610_0 .net "S", 1 0, L_0x5603ff69a680;  alias, 1 drivers
v0x5603ff690780_0 .net "a", 0 0, L_0x5603ff6999a0;  alias, 1 drivers
v0x5603ff690840_0 .net "b", 0 0, L_0x5603ff699a10;  alias, 1 drivers
v0x5603ff690910_0 .net "c", 0 0, L_0x5603ff699b20;  alias, 1 drivers
v0x5603ff6909d0_0 .net "d", 0 0, L_0x5603ff699be0;  alias, 1 drivers
v0x5603ff690a90_0 .var "out", 0 0;
E_0x5603ff66cb50/0 .event anyedge, v0x5603ff68e2e0_0, v0x5603ff6909d0_0, v0x5603ff690910_0, v0x5603ff690840_0;
E_0x5603ff66cb50/1 .event anyedge, v0x5603ff690780_0;
E_0x5603ff66cb50 .event/or E_0x5603ff66cb50/0, E_0x5603ff66cb50/1;
S_0x5603ff6912f0 .scope module, "cl4" "cl" 9 6, 10 2 0, S_0x5603ff68db30;
 .timescale -9 -11;
    .port_info 0 /OUTPUT 1 "out";
    .port_info 1 /INPUT 1 "a";
    .port_info 2 /INPUT 1 "b";
    .port_info 3 /INPUT 2 "S";
L_0x5603ff699f40 .functor AND 1, L_0x5603ff69a460, L_0x5603ff69a550, C4<1>, C4<1>;
L_0x5603ff699fb0 .functor OR 1, L_0x5603ff69a460, L_0x5603ff69a550, C4<0>, C4<0>;
L_0x5603ff69a0c0 .functor XOR 1, L_0x5603ff69a460, L_0x5603ff69a550, C4<0>, C4<0>;
L_0x5603ff69a180 .functor NOT 1, L_0x5603ff69a460, C4<0>, C4<0>, C4<0>;
v0x5603ff691e50_0 .net "S", 1 0, L_0x5603ff69a680;  alias, 1 drivers
v0x5603ff691f30_0 .net "a", 0 0, L_0x5603ff69a460;  1 drivers
v0x5603ff691ff0_0 .net "and_out", 0 0, L_0x5603ff699f40;  1 drivers
v0x5603ff6920c0_0 .net "b", 0 0, L_0x5603ff69a550;  1 drivers
v0x5603ff692160_0 .net "neg_out", 0 0, L_0x5603ff69a180;  1 drivers
v0x5603ff692250_0 .net "or_out", 0 0, L_0x5603ff699fb0;  1 drivers
v0x5603ff692320_0 .net "out", 0 0, v0x5603ff691c90_0;  1 drivers
v0x5603ff6923f0_0 .net "xor_out", 0 0, L_0x5603ff69a0c0;  1 drivers
S_0x5603ff691540 .scope module, "mux1" "mux4_1" 10 10, 11 1 0, S_0x5603ff6912f0;
 .timescale -9 -11;
    .port_info 0 /OUTPUT 1 "out";
    .port_info 1 /INPUT 1 "a";
    .port_info 2 /INPUT 1 "b";
    .port_info 3 /INPUT 1 "c";
    .port_info 4 /INPUT 1 "d";
    .port_info 5 /INPUT 2 "S";
v0x5603ff691850_0 .net "S", 1 0, L_0x5603ff69a680;  alias, 1 drivers
v0x5603ff691930_0 .net "a", 0 0, L_0x5603ff699f40;  alias, 1 drivers
v0x5603ff6919f0_0 .net "b", 0 0, L_0x5603ff699fb0;  alias, 1 drivers
v0x5603ff691ac0_0 .net "c", 0 0, L_0x5603ff69a0c0;  alias, 1 drivers
v0x5603ff691b80_0 .net "d", 0 0, L_0x5603ff69a180;  alias, 1 drivers
v0x5603ff691c90_0 .var "out", 0 0;
E_0x5603ff6917c0/0 .event anyedge, v0x5603ff68e2e0_0, v0x5603ff691b80_0, v0x5603ff691ac0_0, v0x5603ff6919f0_0;
E_0x5603ff6917c0/1 .event anyedge, v0x5603ff691930_0;
E_0x5603ff6917c0 .event/or E_0x5603ff6917c0/0, E_0x5603ff6917c0/1;
S_0x5603ff66aa50 .scope module, "mux4_tb" "mux4_tb" 12 3;
 .timescale -9 -11;
S_0x5603ff6595b0 .scope module, "sum4_v2" "sum4_v2" 13 1;
 .timescale -9 -11;
    .port_info 0 /OUTPUT 4 "S";
    .port_info 1 /OUTPUT 1 "c_out";
    .port_info 2 /INPUT 4 "A";
    .port_info 3 /INPUT 4 "B";
    .port_info 4 /INPUT 1 "c_in";
o0x7fd9237a4a78 .functor BUFZ 4, C4<zzzz>; HiZ drive
v0x5603ff694090_0 .net "A", 3 0, o0x7fd9237a4a78;  0 drivers
o0x7fd9237a4aa8 .functor BUFZ 4, C4<zzzz>; HiZ drive
v0x5603ff694150_0 .net "B", 3 0, o0x7fd9237a4aa8;  0 drivers
v0x5603ff694230_0 .net "S", 3 0, L_0x5603ff69abf0;  1 drivers
L_0x7fd923759498 .functor BUFT 1, C4<0>, C4<0>, C4<0>, C4<0>;
v0x5603ff6942f0_0 .net *"_ivl_10", 0 0, L_0x7fd923759498;  1 drivers
v0x5603ff6943d0_0 .net *"_ivl_11", 4 0, L_0x5603ff69afd0;  1 drivers
v0x5603ff694500_0 .net *"_ivl_13", 4 0, L_0x5603ff69b180;  1 drivers
L_0x7fd9237594e0 .functor BUFT 1, C4<0000>, C4<0>, C4<0>, C4<0>;
v0x5603ff6945e0_0 .net *"_ivl_16", 3 0, L_0x7fd9237594e0;  1 drivers
v0x5603ff6946c0_0 .net *"_ivl_17", 4 0, L_0x5603ff69b2b0;  1 drivers
v0x5603ff6947a0_0 .net *"_ivl_3", 4 0, L_0x5603ff69ace0;  1 drivers
L_0x7fd923759450 .functor BUFT 1, C4<0>, C4<0>, C4<0>, C4<0>;
v0x5603ff694910_0 .net *"_ivl_6", 0 0, L_0x7fd923759450;  1 drivers
v0x5603ff6949f0_0 .net *"_ivl_7", 4 0, L_0x5603ff69add0;  1 drivers
o0x7fd9237a4c88 .functor BUFZ 1, C4<z>; HiZ drive
v0x5603ff694ad0_0 .net "c_in", 0 0, o0x7fd9237a4c88;  0 drivers
v0x5603ff694b90_0 .net "c_out", 0 0, L_0x5603ff69ab50;  1 drivers
L_0x5603ff69ab50 .part L_0x5603ff69b2b0, 4, 1;
L_0x5603ff69abf0 .part L_0x5603ff69b2b0, 0, 4;
L_0x5603ff69ace0 .concat [ 4 1 0 0], o0x7fd9237a4a78, L_0x7fd923759450;
L_0x5603ff69add0 .concat [ 4 1 0 0], o0x7fd9237a4aa8, L_0x7fd923759498;
L_0x5603ff69afd0 .arith/sum 5, L_0x5603ff69ace0, L_0x5603ff69add0;
L_0x5603ff69b180 .concat [ 1 4 0 0], o0x7fd9237a4c88, L_0x7fd9237594e0;
L_0x5603ff69b2b0 .arith/sum 5, L_0x5603ff69afd0, L_0x5603ff69b180;
    .scope S_0x5603ff68dff0;
T_1 ;
    %wait E_0x5603ff61c320;
    %load/vec4 v0x5603ff68e2e0_0;
    %dup/vec4;
    %pushi/vec4 0, 0, 2;
    %cmp/u;
    %jmp/1 T_1.0, 6;
    %dup/vec4;
    %pushi/vec4 1, 0, 2;
    %cmp/u;
    %jmp/1 T_1.1, 6;
    %dup/vec4;
    %pushi/vec4 2, 0, 2;
    %cmp/u;
    %jmp/1 T_1.2, 6;
    %dup/vec4;
    %pushi/vec4 3, 0, 2;
    %cmp/u;
    %jmp/1 T_1.3, 6;
    %pushi/vec4 0, 0, 1;
    %store/vec4 v0x5603ff68e710_0, 0, 1;
    %jmp T_1.5;
T_1.0 ;
    %load/vec4 v0x5603ff68e3e0_0;
    %store/vec4 v0x5603ff68e710_0, 0, 1;
    %jmp T_1.5;
T_1.1 ;
    %load/vec4 v0x5603ff68e4a0_0;
    %store/vec4 v0x5603ff68e710_0, 0, 1;
    %jmp T_1.5;
T_1.2 ;
    %load/vec4 v0x5603ff68e540_0;
    %store/vec4 v0x5603ff68e710_0, 0, 1;
    %jmp T_1.5;
T_1.3 ;
    %load/vec4 v0x5603ff68e600_0;
    %store/vec4 v0x5603ff68e710_0, 0, 1;
    %jmp T_1.5;
T_1.5 ;
    %pop/vec4 1;
    %jmp T_1;
    .thread T_1, $push;
    .scope S_0x5603ff68f190;
T_2 ;
    %wait E_0x5603ff607290;
    %load/vec4 v0x5603ff68f460_0;
    %dup/vec4;
    %pushi/vec4 0, 0, 2;
    %cmp/u;
    %jmp/1 T_2.0, 6;
    %dup/vec4;
    %pushi/vec4 1, 0, 2;
    %cmp/u;
    %jmp/1 T_2.1, 6;
    %dup/vec4;
    %pushi/vec4 2, 0, 2;
    %cmp/u;
    %jmp/1 T_2.2, 6;
    %dup/vec4;
    %pushi/vec4 3, 0, 2;
    %cmp/u;
    %jmp/1 T_2.3, 6;
    %pushi/vec4 0, 0, 1;
    %store/vec4 v0x5603ff68f8c0_0, 0, 1;
    %jmp T_2.5;
T_2.0 ;
    %load/vec4 v0x5603ff68f590_0;
    %store/vec4 v0x5603ff68f8c0_0, 0, 1;
    %jmp T_2.5;
T_2.1 ;
    %load/vec4 v0x5603ff68f650_0;
    %store/vec4 v0x5603ff68f8c0_0, 0, 1;
    %jmp T_2.5;
T_2.2 ;
    %load/vec4 v0x5603ff68f6f0_0;
    %store/vec4 v0x5603ff68f8c0_0, 0, 1;
    %jmp T_2.5;
T_2.3 ;
    %load/vec4 v0x5603ff68f7b0_0;
    %store/vec4 v0x5603ff68f8c0_0, 0, 1;
    %jmp T_2.5;
T_2.5 ;
    %pop/vec4 1;
    %jmp T_2;
    .thread T_2, $push;
    .scope S_0x5603ff690360;
T_3 ;
    %wait E_0x5603ff66cb50;
    %load/vec4 v0x5603ff690610_0;
    %dup/vec4;
    %pushi/vec4 0, 0, 2;
    %cmp/u;
    %jmp/1 T_3.0, 6;
    %dup/vec4;
    %pushi/vec4 1, 0, 2;
    %cmp/u;
    %jmp/1 T_3.1, 6;
    %dup/vec4;
    %pushi/vec4 2, 0, 2;
    %cmp/u;
    %jmp/1 T_3.2, 6;
    %dup/vec4;
    %pushi/vec4 3, 0, 2;
    %cmp/u;
    %jmp/1 T_3.3, 6;
    %pushi/vec4 0, 0, 1;
    %store/vec4 v0x5603ff690a90_0, 0, 1;
    %jmp T_3.5;
T_3.0 ;
    %load/vec4 v0x5603ff690780_0;
    %store/vec4 v0x5603ff690a90_0, 0, 1;
    %jmp T_3.5;
T_3.1 ;
    %load/vec4 v0x5603ff690840_0;
    %store/vec4 v0x5603ff690a90_0, 0, 1;
    %jmp T_3.5;
T_3.2 ;
    %load/vec4 v0x5603ff690910_0;
    %store/vec4 v0x5603ff690a90_0, 0, 1;
    %jmp T_3.5;
T_3.3 ;
    %load/vec4 v0x5603ff6909d0_0;
    %store/vec4 v0x5603ff690a90_0, 0, 1;
    %jmp T_3.5;
T_3.5 ;
    %pop/vec4 1;
    %jmp T_3;
    .thread T_3, $push;
    .scope S_0x5603ff691540;
T_4 ;
    %wait E_0x5603ff6917c0;
    %load/vec4 v0x5603ff691850_0;
    %dup/vec4;
    %pushi/vec4 0, 0, 2;
    %cmp/u;
    %jmp/1 T_4.0, 6;
    %dup/vec4;
    %pushi/vec4 1, 0, 2;
    %cmp/u;
    %jmp/1 T_4.1, 6;
    %dup/vec4;
    %pushi/vec4 2, 0, 2;
    %cmp/u;
    %jmp/1 T_4.2, 6;
    %dup/vec4;
    %pushi/vec4 3, 0, 2;
    %cmp/u;
    %jmp/1 T_4.3, 6;
    %pushi/vec4 0, 0, 1;
    %store/vec4 v0x5603ff691c90_0, 0, 1;
    %jmp T_4.5;
T_4.0 ;
    %load/vec4 v0x5603ff691930_0;
    %store/vec4 v0x5603ff691c90_0, 0, 1;
    %jmp T_4.5;
T_4.1 ;
    %load/vec4 v0x5603ff6919f0_0;
    %store/vec4 v0x5603ff691c90_0, 0, 1;
    %jmp T_4.5;
T_4.2 ;
    %load/vec4 v0x5603ff691ac0_0;
    %store/vec4 v0x5603ff691c90_0, 0, 1;
    %jmp T_4.5;
T_4.3 ;
    %load/vec4 v0x5603ff691b80_0;
    %store/vec4 v0x5603ff691c90_0, 0, 1;
    %jmp T_4.5;
T_4.5 ;
    %pop/vec4 1;
    %jmp T_4;
    .thread T_4, $push;
    .scope S_0x5603ff663dd0;
T_5 ;
    %vpi_call 2 21 "$dumpfile", "alu.vcd" {0 0 0};
    %vpi_call 2 22 "$dumpvars" {0 0 0};
    %pushi/vec4 0, 0, 32;
    %store/vec4 v0x5603ff693910_0, 0, 32;
    %pushi/vec4 0, 0, 3;
    %store/vec4 v0x5603ff693c00_0, 0, 3;
    %pushi/vec4 8, 0, 32;
T_5.0 %dup/vec4;
    %pushi/vec4 0, 0, 32;
    %cmp/s;
    %jmp/1xz T_5.1, 5;
    %jmp/1 T_5.1, 4;
    %pushi/vec4 1, 0, 32;
    %sub;
    %pushi/vec4 0, 0, 1;
    %store/vec4 v0x5603ff693eb0_0, 0, 1;
    %pushi/vec4 2, 0, 32;
T_5.2 %dup/vec4;
    %pushi/vec4 0, 0, 32;
    %cmp/s;
    %jmp/1xz T_5.3, 5;
    %jmp/1 T_5.3, 4;
    %pushi/vec4 1, 0, 32;
    %sub;
    %pushi/vec4 0, 0, 4;
    %store/vec4 v0x5603ff6939f0_0, 0, 4;
    %pushi/vec4 16, 0, 32;
T_5.4 %dup/vec4;
    %pushi/vec4 0, 0, 32;
    %cmp/s;
    %jmp/1xz T_5.5, 5;
    %jmp/1 T_5.5, 4;
    %pushi/vec4 1, 0, 32;
    %sub;
    %pushi/vec4 0, 0, 4;
    %store/vec4 v0x5603ff693b40_0, 0, 4;
    %pushi/vec4 16, 0, 32;
T_5.6 %dup/vec4;
    %pushi/vec4 0, 0, 32;
    %cmp/s;
    %jmp/1xz T_5.7, 5;
    %jmp/1 T_5.7, 4;
    %pushi/vec4 1, 0, 32;
    %sub;
    %delay 1, 0;
    %fork TD_alu_tb.check, S_0x5603ff669b40;
    %join;
    %delay 999, 0;
    %load/vec4 v0x5603ff693b40_0;
    %addi 1, 0, 4;
    %store/vec4 v0x5603ff693b40_0, 0, 4;
    %jmp T_5.6;
T_5.7 ;
    %pop/vec4 1;
    %load/vec4 v0x5603ff6939f0_0;
    %addi 1, 0, 4;
    %store/vec4 v0x5603ff6939f0_0, 0, 4;
    %jmp T_5.4;
T_5.5 ;
    %pop/vec4 1;
    %load/vec4 v0x5603ff693eb0_0;
    %pad/u 2;
    %addi 1, 0, 2;
    %pad/u 1;
    %store/vec4 v0x5603ff693eb0_0, 0, 1;
    %jmp T_5.2;
T_5.3 ;
    %pop/vec4 1;
    %load/vec4 v0x5603ff693c00_0;
    %addi 1, 0, 3;
    %store/vec4 v0x5603ff693c00_0, 0, 3;
    %jmp T_5.0;
T_5.1 ;
    %pop/vec4 1;
    %vpi_call 2 48 "$display", "Encontradas %d operaciones erroneas", v0x5603ff693910_0 {0 0 0};
    %vpi_call 2 50 "$finish" {0 0 0};
    %end;
    .thread T_5;
# The file index is used to find the file name in the following table.
:file_names 14;
    "N/A";
    "<interactive>";
    "alu_tb.v";
    "alu.v";
    "mux2_4.v";
    "preprocess.v";
    "compl1.v";
    "sum4.v";
    "fa.v";
    "ul4.v";
    "c1_estructural.v";
    "mux4_1.v";
    "mux4_tb.v";
    "sum4_v2.v";
