#! /usr/bin/vvp
:ivl_version "12.0 (stable)";
:ivl_delay_selection "TYPICAL";
:vpi_time_precision - 11;
:vpi_module "/usr/lib/x86_64-linux-gnu/ivl/system.vpi";
:vpi_module "/usr/lib/x86_64-linux-gnu/ivl/vhdl_sys.vpi";
:vpi_module "/usr/lib/x86_64-linux-gnu/ivl/vhdl_textio.vpi";
:vpi_module "/usr/lib/x86_64-linux-gnu/ivl/v2005_math.vpi";
:vpi_module "/usr/lib/x86_64-linux-gnu/ivl/va_math.vpi";
S_0x5f65ff7f5490 .scope module, "ha_tb" "ha_tb" 2 3;
 .timescale -9 -11;
v0x5f65ff841730_0 .var "test_a", 0 0;
v0x5f65ff8417f0_0 .var "test_b", 0 0;
v0x5f65ff8418c0_0 .net "test_carry", 0 0, L_0x5f65ff841bf0;  1 drivers
v0x5f65ff8419c0_0 .net "test_sum", 0 0, L_0x5f65ff841a90;  1 drivers
S_0x5f65ff7f5620 .scope module, "ha1" "ha" 2 8, 3 1 0, S_0x5f65ff7f5490;
 .timescale -9 -11;
    .port_info 0 /OUTPUT 1 "sum";
    .port_info 1 /OUTPUT 1 "carry";
    .port_info 2 /INPUT 1 "a";
    .port_info 3 /INPUT 1 "b";
L_0x5f65ff841a90 .functor XOR 1, v0x5f65ff841730_0, v0x5f65ff8417f0_0, C4<0>, C4<0>;
L_0x5f65ff841bf0 .functor AND 1, v0x5f65ff841730_0, v0x5f65ff8417f0_0, C4<1>, C4<1>;
v0x5f65ff7f5870_0 .net "a", 0 0, v0x5f65ff841730_0;  1 drivers
v0x5f65ff841430_0 .net "b", 0 0, v0x5f65ff8417f0_0;  1 drivers
v0x5f65ff8414f0_0 .net "carry", 0 0, L_0x5f65ff841bf0;  alias, 1 drivers
v0x5f65ff8415c0_0 .net "sum", 0 0, L_0x5f65ff841a90;  alias, 1 drivers
    .scope S_0x5f65ff7f5490;
T_0 ;
    %pushi/vec4 0, 0, 1;
    %store/vec4 v0x5f65ff841730_0, 0, 1;
    %pushi/vec4 0, 0, 1;
    %store/vec4 v0x5f65ff8417f0_0, 0, 1;
    %delay 2000, 0;
    %pushi/vec4 0, 0, 1;
    %store/vec4 v0x5f65ff841730_0, 0, 1;
    %pushi/vec4 1, 0, 1;
    %store/vec4 v0x5f65ff8417f0_0, 0, 1;
    %delay 2000, 0;
    %pushi/vec4 1, 0, 1;
    %store/vec4 v0x5f65ff841730_0, 0, 1;
    %pushi/vec4 0, 0, 1;
    %store/vec4 v0x5f65ff8417f0_0, 0, 1;
    %delay 2000, 0;
    %pushi/vec4 1, 0, 1;
    %store/vec4 v0x5f65ff841730_0, 0, 1;
    %pushi/vec4 1, 0, 1;
    %store/vec4 v0x5f65ff8417f0_0, 0, 1;
    %delay 2000, 0;
    %vpi_call 2 25 "$finish" {0 0 0};
    %end;
    .thread T_0;
    .scope S_0x5f65ff7f5490;
T_1 ;
    %vpi_call 2 32 "$monitor", "tiempo=%0d, a=%b, b=%b, suma=%b, acarreo=%b", $time, v0x5f65ff841730_0, v0x5f65ff8417f0_0, v0x5f65ff8419c0_0, v0x5f65ff8418c0_0 {0 0 0};
    %vpi_call 2 33 "$dumpfile", "ha_tb.vcd" {0 0 0};
    %vpi_call 2 34 "$dumpvars" {0 0 0};
    %end;
    .thread T_1;
# The file index is used to find the file name in the following table.
:file_names 4;
    "N/A";
    "<interactive>";
    "ha_tb.v";
    "ha.v";
